<?xml version="1.0" encoding="utf-8"?><testsuites name="pytest tests"><testsuite name="pytest" errors="0" failures="0" skipped="0" tests="10" time="19.470" timestamp="2026-05-25T17:50:12.512829+00:00" hostname="agent-env-9f090d54-fe1e-4f24-9600-aab98da891bb"><testcase classname="backend.tests.test_backend.TestHealth" name="test_root" time="0.298" /><testcase classname="backend.tests.test_backend.TestGithubTest" name="test_invalid_token_returns_success_false_no_500" time="0.190" /><testcase classname="backend.tests.test_backend.TestGithubTest" name="test_missing_fields_returns_422" time="0.049" /><testcase classname="backend.tests.test_backend.TestChatBackwardsCompat" name="test_chat_no_github_fields" time="4.054" /><testcase classname="backend.tests.test_backend.TestChatGithubBadToken" name="test_setup_message" time="4.333" /><testcase classname="backend.tests.test_backend.TestChatGithubBadToken" name="test_github_action_with_bad_token" time="7.211" /><testcase classname="backend.tests.test_backend.TestChatGithubNoToken" name="test_github_action_without_token" time="2.925" /><testcase classname="backend.tests.test_backend.TestConversation" name="test_get_conversation_no_gh" time="0.049" /><testcase classname="backend.tests.test_backend.TestConversation" name="test_get_conversation_gh" time="0.051" /><testcase classname="backend.tests.test_backend.TestConversation" name="test_delete_conversation" time="0.245" /></testsuite></testsuites>